<?xml version="1.0" encoding="utf-8"?><testsuites name="pytest tests"><testsuite name="pytest" errors="0" failures="1" skipped="0" tests="34" time="1.678" timestamp="2026-01-20T07:45:18.606151+00:00" hostname="agent-env-b2d02b57-eeb1-45e3-877e-1826467fb2c3"><testcase classname="tests.test_user_auth_system.TestHealthCheck" name="test_api_root" time="0.113" /><testcase classname="tests.test_user_auth_system.TestEmailRegistration" name="test_register_new_user" time="0.041" /><testcase classname="tests.test_user_auth_system.TestEmailRegistration" name="test_register_duplicate_email" time="0.039" /><testcase classname="tests.test_user_auth_system.TestEmailRegistration" name="test_register_invalid_email" time="0.037" /><testcase classname="tests.test_user_auth_system.TestEmailLogin" name="test_login_success" time="0.037" /><testcase classname="tests.test_user_auth_system.TestEmailLogin" name="test_login_wrong_password" time="0.036" /><testcase classname="tests.test_user_auth_system.TestEmailLogin" name="test_login_nonexistent_user" time="0.038" /><testcase classname="tests.test_user_auth_system.TestAuthenticatedEndpoints" name="test_get_current_user" time="0.118" /><testcase classname="tests.test_user_auth_system.TestAuthenticatedEndpoints" name="test_get_current_user_no_auth" time="0.040" /><testcase classname="tests.test_user_auth_system.TestOnboarding" name="test_complete_onboarding" time="0.075" /><testcase classname="tests.test_user_auth_system.TestOnboarding" name="test_onboarding_without_auth" time="0.035" /><testcase classname="tests.test_user_auth_system.TestOnboarding" name="test_onboarding_invalid_values" time="0.034" /><testcase classname="tests.test_user_auth_system.TestSanriContext" name="test_get_sanri_context" time="0.039" /><testcase classname="tests.test_user_auth_system.TestSanriContext" name="test_get_sanri_context_no_auth" time="0.036" /><testcase classname="tests.test_user_auth_system.TestSanriContext" name="test_get_sanri_welcome_tr" time="0.037" /><testcase classname="tests.test_user_auth_system.TestUserProfile" name="test_get_user_profile" time="0.040" /><testcase classname="tests.test_user_auth_system.TestUserProfile" name="test_update_user_profile" time="0.032" /><testcase classname="tests.test_user_auth_system.TestUserProfile" name="test_get_profile_no_auth" time="0.032" /><testcase classname="tests.test_user_auth_system.TestGDPRExport" name="test_export_user_data" time="0.079" /><testcase classname="tests.test_user_auth_system.TestGDPRExport" name="test_export_no_auth" time="0.033" /><testcase classname="tests.test_user_auth_system.TestAdminDashboard" name="test_admin_dashboard" time="0.045" /><testcase classname="tests.test_user_auth_system.TestAdminDashboard" name="test_admin_dashboard_no_auth" time="0.032" /><testcase classname="tests.test_user_auth_system.TestAdminDashboard" name="test_admin_dashboard_wrong_token" time="0.034" /><testcase classname="tests.test_user_auth_system.TestAdminUserList" name="test_list_users" time="0.036" /><testcase classname="tests.test_user_auth_system.TestAdminUserList" name="test_list_users_with_search" time="0.033" /><testcase classname="tests.test_user_auth_system.TestAdminUserList" name="test_list_users_pagination" time="0.034" /><testcase classname="tests.test_user_auth_system.TestAdminPremiumManagement" name="test_set_user_premium" time="0.091" /><testcase classname="tests.test_user_auth_system.TestAdminPremiumManagement" name="test_remove_user_premium" time="0.034" /><testcase classname="tests.test_user_auth_system.TestAdminPremiumManagement" name="test_set_premium_nonexistent_user" time="0.033" /><testcase classname="tests.test_user_auth_system.TestLogout" name="test_logout" time="0.033" /><testcase classname="tests.test_user_auth_system.TestLogout" name="test_access_after_logout" time="0.034"><failure message="assert 200 == 401&#10; +  where 200 = &lt;Response [200]&gt;.status_code">tests/test_user_auth_system.py:591: in test_access_after_logout
    assert response.status_code == 401
E   assert 200 == 401
E    +  where 200 = &lt;Response [200]&gt;.status_code</failure></testcase><testcase classname="tests.test_user_auth_system.TestEventTracking" name="test_track_event" time="0.093" /><testcase classname="tests.test_user_auth_system.TestEventTracking" name="test_track_event_anonymous" time="0.033" /><testcase classname="tests.test_user_auth_system.TestCleanup" name="test_cleanup_test_user" time="0.035" /></testsuite></testsuites>