<?xml version="1.0" encoding="utf-8"?><testsuites name="pytest tests"><testsuite name="pytest" errors="0" failures="0" skipped="0" tests="19" time="66.345" timestamp="2026-01-20T07:24:53.287009+00:00" hostname="agent-env-b2d02b57-eeb1-45e3-877e-1826467fb2c3"><testcase classname="tests.test_tts_sanri_voice.TestTTSStatus" name="test_tts_status_returns_200" time="0.074" /><testcase classname="tests.test_tts_sanri_voice.TestTTSStatus" name="test_tts_status_returns_voice_profiles" time="0.035" /><testcase classname="tests.test_tts_sanri_voice.TestTTSStatus" name="test_tts_status_returns_features" time="0.034" /><testcase classname="tests.test_tts_sanri_voice.TestTTSProfiles" name="test_profiles_returns_200" time="0.040" /><testcase classname="tests.test_tts_sanri_voice.TestTTSProfiles" name="test_profiles_returns_sanri_details" time="0.077" /><testcase classname="tests.test_tts_sanri_voice.TestTTSProfiles" name="test_profiles_returns_book_details" time="0.037" /><testcase classname="tests.test_tts_sanri_voice.TestTTSVoices" name="test_voices_returns_200" time="0.034" /><testcase classname="tests.test_tts_sanri_voice.TestTTSVoices" name="test_voices_returns_profiles_and_available_voices" time="0.038" /><testcase classname="tests.test_tts_sanri_voice.TestTTSRitualPlay" name="test_ritual_play_with_valid_ritual_id" time="21.313" /><testcase classname="tests.test_tts_sanri_voice.TestTTSRitualPlay" name="test_ritual_play_returns_voice_config" time="15.625" /><testcase classname="tests.test_tts_sanri_voice.TestTTSRitualPlay" name="test_ritual_play_with_english_language" time="22.495" /><testcase classname="tests.test_tts_sanri_voice.TestTTSRitualPlay" name="test_ritual_play_with_invalid_ritual_id" time="0.052" /><testcase classname="tests.test_tts_sanri_voice.TestTTSGenerate" name="test_generate_with_sanri_profile" time="1.871" /><testcase classname="tests.test_tts_sanri_voice.TestTTSGenerate" name="test_generate_with_book_profile" time="1.772" /><testcase classname="tests.test_tts_sanri_voice.TestTTSGenerate" name="test_generate_with_custom_voice" time="2.606" /><testcase classname="tests.test_tts_sanri_voice.TestTTSGenerate" name="test_generate_with_empty_text_fails" time="0.068" /><testcase classname="tests.test_tts_sanri_voice.TestPremiumRitualEndpoints" name="test_get_ritual_lines" time="0.039" /><testcase classname="tests.test_tts_sanri_voice.TestPremiumRitualEndpoints" name="test_get_rituals" time="0.043" /><testcase classname="tests.test_tts_sanri_voice.TestPremiumRitualEndpoints" name="test_get_ritual_by_id" time="0.040" /></testsuite></testsuites>