<?xml version="1.0" encoding="utf-8"?><testsuites name="pytest tests"><testsuite name="pytest" errors="0" failures="0" skipped="0" tests="13" time="111.199" timestamp="2026-01-20T09:26:16.757955+00:00" hostname="agent-env-3ae3f1a5-3f67-4e1c-b077-bc6b92bf7ff6"><testcase classname="tests.test_visual_analyze_generate.TestVisualPresets" name="test_get_presets" time="0.066" /><testcase classname="tests.test_visual_analyze_generate.TestVisualPresets" name="test_get_single_preset" time="0.040" /><testcase classname="tests.test_visual_analyze_generate.TestVisualAnalyze" name="test_analyze_requires_image" time="0.037" /><testcase classname="tests.test_visual_analyze_generate.TestVisualAnalyze" name="test_analyze_with_test_image" time="34.050" /><testcase classname="tests.test_visual_analyze_generate.TestVisualGenerate" name="test_generate_with_preset" time="15.794" /><testcase classname="tests.test_visual_analyze_generate.TestVisualHistory" name="test_get_generation_history" time="0.052" /><testcase classname="tests.test_visual_analyze_generate.TestVisualHistory" name="test_get_analysis_history" time="0.039" /><testcase classname="tests.test_visual_analyze_generate.TestVisualAdmin" name="test_get_analytics" time="0.042" /><testcase classname="tests.test_new_features.TestOnboardingNewFields" name="test_onboarding_accepts_new_fields" time="0.076" /><testcase classname="tests.test_new_features.TestOnboardingNewFields" name="test_sanri_context_uses_new_fields" time="0.038" /><testcase classname="tests.test_new_features.TestVisualAnalyze3Layer" name="test_analyze_response_has_3_layers" time="35.593" /><testcase classname="tests.test_new_features.TestSanriAskEndpoint" name="test_sanri_ask_works" time="10.413" /><testcase classname="tests.test_new_features.TestVisualGenerate" name="test_generate_returns_caption" time="14.906" /></testsuite></testsuites>