<?xml version="1.0" encoding="utf-8"?><testsuites name="pytest tests"><testsuite name="pytest" errors="0" failures="0" skipped="0" tests="24" time="15.848" timestamp="2026-01-21T15:02:43.127233+00:00" hostname="agent-env-5b49cb43-e7cb-456a-a587-44a26d3284f2"><testcase classname="tests.test_cinecursor_api.TestAPIHealth" name="test_api_root" time="0.089" /><testcase classname="tests.test_cinecursor_api.TestProjectCRUD" name="test_create_project" time="0.032" /><testcase classname="tests.test_cinecursor_api.TestProjectCRUD" name="test_get_projects" time="0.016" /><testcase classname="tests.test_cinecursor_api.TestProjectCRUD" name="test_get_project_by_id" time="0.065" /><testcase classname="tests.test_cinecursor_api.TestSceneCRUD" name="test_create_scene" time="0.068" /><testcase classname="tests.test_cinecursor_api.TestSceneCRUD" name="test_get_project_scenes" time="0.026" /><testcase classname="tests.test_cinecursor_api.TestSceneCRUD" name="test_get_scene_by_id" time="0.051" /><testcase classname="tests.test_cinecursor_api.TestSceneCRUD" name="test_update_scene" time="0.011" /><testcase classname="tests.test_cinecursor_api.TestRenderStatus" name="test_render_status_unknown_scene" time="0.009" /><testcase classname="tests.test_cinecursor_api.TestRenderStatus" name="test_render_status_draft_scene" time="0.052" /><testcase classname="tests.test_cinecursor_api.TestRenderStatus" name="test_render_status_existing_video" time="0.010" /><testcase classname="tests.test_cinecursor_api.TestVideoGeneration" name="test_generate_video_valid_resolution_1280x720" time="2.021" /><testcase classname="tests.test_cinecursor_api.TestVideoGeneration" name="test_generate_video_valid_resolution_1792x1024" time="0.114" /><testcase classname="tests.test_cinecursor_api.TestVideoGeneration" name="test_generate_video_valid_resolution_square" time="0.032" /><testcase classname="tests.test_cinecursor_api.TestVideoGeneration" name="test_generate_video_missing_prompt" time="0.071" /><testcase classname="tests.test_cinecursor_api.TestAIDirectorChat" name="test_chat_send_message" time="12.760" /><testcase classname="tests.test_cinecursor_api.TestAIDirectorChat" name="test_chat_history" time="0.018" /><testcase classname="tests.test_cinecursor_api.TestAIDirectorChat" name="test_clear_chat_history" time="0.050" /><testcase classname="tests.test_cinecursor_api.TestCharacterCRUD" name="test_create_character" time="0.025" /><testcase classname="tests.test_cinecursor_api.TestCharacterCRUD" name="test_get_project_characters" time="0.010" /><testcase classname="tests.test_cinecursor_api.TestExportFeatures" name="test_export_timeline_json" time="0.015" /><testcase classname="tests.test_cinecursor_api.TestExportFeatures" name="test_continuity_check" time="0.011" /><testcase classname="tests.test_cinecursor_api.TestVideoServing" name="test_video_not_found" time="0.013" /><testcase classname="tests.test_cinecursor_api.TestVideoServing" name="test_thumbnail_not_found" time="0.068" /></testsuite></testsuites>