<?xml version="1.0" encoding="utf-8"?><testsuites name="pytest tests"><testsuite name="pytest" errors="0" failures="1" skipped="0" tests="13" time="79.397" timestamp="2026-01-20T08:25:21.000201+00:00" hostname="agent-env-b2d02b57-eeb1-45e3-877e-1826467fb2c3"><testcase classname="tests.test_visual_gorselin.TestVisualPresets" name="test_get_presets_success" time="0.058" /><testcase classname="tests.test_visual_gorselin.TestVisualPresets" name="test_get_specific_preset" time="0.074" /><testcase classname="tests.test_visual_gorselin.TestVisualPresets" name="test_get_nonexistent_preset" time="0.037" /><testcase classname="tests.test_visual_gorselin.TestVisualAnalyze" name="test_analyze_image_success" time="5.848" /><testcase classname="tests.test_visual_gorselin.TestVisualAnalyze" name="test_analyze_image_error_response_schema" time="0.098" /><testcase classname="tests.test_visual_gorselin.TestVisualAnalyze" name="test_analyze_image_with_context" time="5.062" /><testcase classname="tests.test_visual_gorselin.TestVisualGenerate" name="test_generate_hologram_success" time="16.839" /><testcase classname="tests.test_visual_gorselin.TestVisualGenerate" name="test_generate_without_preset" time="51.074"><failure message="AssertionError: Expected 200, got 520&#10;assert 520 == 200&#10; +  where 520 = &lt;Response [520]&gt;.status_code">tests/test_visual_gorselin.py:264: in test_generate_without_preset
    assert response.status_code == 200, f"Expected 200, got {response.status_code}"
E   AssertionError: Expected 200, got 520
E   assert 520 == 200
E    +  where 520 = &lt;Response [520]&gt;.status_code</failure></testcase><testcase classname="tests.test_visual_gorselin.TestVisualGenerate" name="test_generate_missing_intention" time="0.094" /><testcase classname="tests.test_visual_gorselin.TestVisualHistory" name="test_get_generation_history" time="0.037" /><testcase classname="tests.test_visual_gorselin.TestVisualHistory" name="test_get_analysis_history" time="0.035" /><testcase classname="tests.test_visual_gorselin.TestVisualAnalytics" name="test_get_analytics" time="0.035" /><testcase classname="tests.test_visual_gorselin.TestConnectivity" name="test_api_reachable" time="0.035" /></testsuite></testsuites>